<?xml version="1.0" encoding="UTF-8"?>
<coverage generated="1766549010933" clover="3.2.0">
  <project timestamp="1766549010933" name="All files">
    <metrics statements="43" coveredstatements="34" conditionals="17" coveredconditionals="13" methods="12" coveredmethods="10" elements="72" coveredelements="57" complexity="0" loc="43" ncloc="43" packages="1" files="2" classes="2"/>
    <file name="kpi-bar-chart.html" path="/app/src/app/kpi/kpi-bar-chart/kpi-bar-chart.html">
      <metrics statements="1" coveredstatements="1" conditionals="0" coveredconditionals="0" methods="0" coveredmethods="0"/>
      <line num="1" count="1" type="stmt"/>
    </file>
    <file name="kpi-bar-chart.ts" path="/app/src/app/kpi/kpi-bar-chart/kpi-bar-chart.ts">
      <metrics statements="42" coveredstatements="33" conditionals="17" coveredconditionals="13" methods="12" coveredmethods="10"/>
      <line num="1" count="1" type="stmt"/>
      <line num="2" count="1" type="stmt"/>
      <line num="3" count="1" type="stmt"/>
      <line num="16" count="1" type="stmt"/>
      <line num="19" count="25" type="stmt"/>
      <line num="20" count="25" type="stmt"/>
      <line num="23" count="25" type="stmt"/>
      <line num="26" count="2" type="stmt"/>
      <line num="27" count="2" type="stmt"/>
      <line num="31" count="5" type="cond" truecount="1" falsecount="0"/>
      <line num="32" count="2" type="stmt"/>
      <line num="34" count="5" type="cond" truecount="4" falsecount="0"/>
      <line num="35" count="2" type="stmt"/>
      <line num="40" count="7" type="cond" truecount="3" falsecount="0"/>
      <line num="41" count="5" type="stmt"/>
      <line num="42" count="1" type="stmt"/>
      <line num="43" count="1" type="stmt"/>
      <line num="48" count="12" type="cond" truecount="3" falsecount="1"/>
      <line num="49" count="9" type="stmt"/>
      <line num="50" count="2" type="stmt"/>
      <line num="51" count="1" type="stmt"/>
      <line num="52" count="0" type="stmt"/>
      <line num="57" count="7" type="cond" truecount="1" falsecount="0"/>
      <line num="59" count="12" type="stmt"/>
      <line num="60" count="12" type="stmt"/>
      <line num="62" count="6" type="stmt"/>
      <line num="63" count="6" type="stmt"/>
      <line num="64" count="6" type="stmt"/>
      <line num="66" count="6" type="stmt"/>
      <line num="70" count="4" type="stmt"/>
      <line num="71" count="4" type="cond" truecount="1" falsecount="0"/>
      <line num="73" count="3" type="stmt"/>
      <line num="74" count="3" type="stmt"/>
      <line num="76" count="3" type="stmt"/>
      <line num="100" count="0" type="stmt"/>
      <line num="101" count="0" type="cond" truecount="0" falsecount="1"/>
      <line num="102" count="0" type="cond" truecount="0" falsecount="1"/>
      <line num="103" count="0" type="stmt"/>
      <line num="105" count="0" type="stmt"/>
      <line num="116" count="0" type="cond" truecount="0" falsecount="1"/>
      <line num="117" count="0" type="stmt"/>
      <line num="119" count="0" type="stmt"/>
    </file>
  </project>
</coverage>
