{"/app/src/app/kpi/kpi-bar-chart/kpi-bar-chart.html": {"path":"/app/src/app/kpi/kpi-bar-chart/kpi-bar-chart.html","statementMap":{"0":{"start":{"line":1,"column":0},"end":{"line":1,"column":158}}},"fnMap":{},"branchMap":{},"s":{"0":1},"f":{},"b":{},"_coverageSchema":"1a1c01bbd47fc00a2c39e90264f33305004495a9","hash":"f1d4f33107cf0082f7d29cf716f0519596e50f81"}
,"/app/src/app/kpi/kpi-bar-chart/kpi-bar-chart.ts": {"path":"/app/src/app/kpi/kpi-bar-chart/kpi-bar-chart.ts","statementMap":{"0":{"start":{"line":1,"column":0},"end":{"line":1,"column":113}},"1":{"start":{"line":2,"column":0},"end":{"line":2,"column":48}},"2":{"start":{"line":3,"column":0},"end":{"line":3,"column":33}},"3":{"start":{"line":19,"column":34},"end":{"line":19,"column":36}},"4":{"start":{"line":20,"column":72},"end":{"line":20,"column":85}},"5":{"start":{"line":23,"column":10},"end":{"line":23,"column":12}},"6":{"start":{"line":26,"column":4},"end":{"line":26,"column":23}},"7":{"start":{"line":27,"column":4},"end":{"line":27,"column":23}},"8":{"start":{"line":31,"column":4},"end":{"line":33,"column":5}},"9":{"start":{"line":32,"column":6},"end":{"line":32,"column":25}},"10":{"start":{"line":34,"column":4},"end":{"line":36,"column":5}},"11":{"start":{"line":35,"column":6},"end":{"line":35,"column":25}},"12":{"start":{"line":40,"column":4},"end":{"line":44,"column":5}},"13":{"start":{"line":41,"column":26},"end":{"line":41,"column":60}},"14":{"start":{"line":41,"column":61},"end":{"line":41,"column":67}},"15":{"start":{"line":42,"column":25},"end":{"line":42,"column":61}},"16":{"start":{"line":42,"column":62},"end":{"line":42,"column":68}},"17":{"start":{"line":43,"column":27},"end":{"line":43,"column":63}},"18":{"start":{"line":43,"column":64},"end":{"line":43,"column":70}},"19":{"start":{"line":48,"column":4},"end":{"line":53,"column":5}},"20":{"start":{"line":49,"column":26},"end":{"line":49,"column":43}},"21":{"start":{"line":50,"column":25},"end":{"line":50,"column":42}},"22":{"start":{"line":51,"column":27},"end":{"line":51,"column":44}},"23":{"start":{"line":52,"column":15},"end":{"line":52,"column":32}},"24":{"start":{"line":57,"column":4},"end":{"line":57,"column":28}},"25":{"start":{"line":57,"column":21},"end":{"line":57,"column":28}},"26":{"start":{"line":59,"column":19},"end":{"line":59,"column":45}},"27":{"start":{"line":59,"column":38},"end":{"line":59,"column":44}},"28":{"start":{"line":60,"column":19},"end":{"line":60,"column":46}},"29":{"start":{"line":60,"column":38},"end":{"line":60,"column":45}},"30":{"start":{"line":62,"column":4},"end":{"line":62,"column":36}},"31":{"start":{"line":63,"column":4},"end":{"line":63,"column":69}},"32":{"start":{"line":64,"column":4},"end":{"line":64,"column":46}},"33":{"start":{"line":66,"column":4},"end":{"line":66,"column":24}},"34":{"start":{"line":70,"column":16},"end":{"line":70,"column":60}},"35":{"start":{"line":71,"column":4},"end":{"line":71,"column":21}},"36":{"start":{"line":71,"column":14},"end":{"line":71,"column":21}},"37":{"start":{"line":73,"column":19},"end":{"line":73,"column":45}},"38":{"start":{"line":73,"column":38},"end":{"line":73,"column":44}},"39":{"start":{"line":74,"column":19},"end":{"line":74,"column":46}},"40":{"start":{"line":74,"column":38},"end":{"line":74,"column":45}},"41":{"start":{"line":76,"column":4},"end":{"line":138,"column":7}},"42":{"start":{"line":100,"column":30},"end":{"line":100,"column":46}},"43":{"start":{"line":101,"column":16},"end":{"line":101,"column":47}},"44":{"start":{"line":101,"column":36},"end":{"line":101,"column":47}},"45":{"start":{"line":102,"column":16},"end":{"line":104,"column":17}},"46":{"start":{"line":103,"column":18},"end":{"line":103,"column":48}},"47":{"start":{"line":105,"column":16},"end":{"line":105,"column":34}},"48":{"start":{"line":116,"column":16},"end":{"line":118,"column":17}},"49":{"start":{"line":117,"column":18},"end":{"line":117,"column":37}},"50":{"start":{"line":119,"column":16},"end":{"line":119,"column":29}},"51":{"start":{"line":16,"column":13},"end":{"line":16,"column":33}},"52":{"start":{"line":16,"column":13},"end":{"line":140,"column":null}}},"fnMap":{"0":{"name":"(anonymous_0)","decl":{"start":{"line":25,"column":2},"end":{"line":25,"column":17}},"loc":{"start":{"line":25,"column":17},"end":{"line":28,"column":3}}},"1":{"name":"(anonymous_1)","decl":{"start":{"line":30,"column":2},"end":{"line":30,"column":13}},"loc":{"start":{"line":30,"column":36},"end":{"line":37,"column":3}}},"2":{"name":"(anonymous_2)","decl":{"start":{"line":39,"column":2},"end":{"line":39,"column":13}},"loc":{"start":{"line":39,"column":13},"end":{"line":45,"column":3}}},"3":{"name":"(anonymous_3)","decl":{"start":{"line":47,"column":2},"end":{"line":47,"column":13}},"loc":{"start":{"line":47,"column":13},"end":{"line":54,"column":3}}},"4":{"name":"(anonymous_4)","decl":{"start":{"line":56,"column":2},"end":{"line":56,"column":13}},"loc":{"start":{"line":56,"column":13},"end":{"line":67,"column":3}}},"5":{"name":"(anonymous_5)","decl":{"start":{"line":59,"column":33},"end":{"line":59,"column":34}},"loc":{"start":{"line":59,"column":38},"end":{"line":59,"column":44}}},"6":{"name":"(anonymous_6)","decl":{"start":{"line":60,"column":33},"end":{"line":60,"column":34}},"loc":{"start":{"line":60,"column":38},"end":{"line":60,"column":45}}},"7":{"name":"(anonymous_7)","decl":{"start":{"line":69,"column":2},"end":{"line":69,"column":13}},"loc":{"start":{"line":69,"column":13},"end":{"line":139,"column":3}}},"8":{"name":"(anonymous_8)","decl":{"start":{"line":73,"column":33},"end":{"line":73,"column":34}},"loc":{"start":{"line":73,"column":38},"end":{"line":73,"column":44}}},"9":{"name":"(anonymous_9)","decl":{"start":{"line":74,"column":33},"end":{"line":74,"column":34}},"loc":{"start":{"line":74,"column":38},"end":{"line":74,"column":45}}},"10":{"name":"(anonymous_10)","decl":{"start":{"line":99,"column":21},"end":{"line":99,"column":22}},"loc":{"start":{"line":99,"column":33},"end":{"line":106,"column":15}}},"11":{"name":"(anonymous_11)","decl":{"start":{"line":115,"column":24},"end":{"line":115,"column":25}},"loc":{"start":{"line":115,"column":34},"end":{"line":120,"column":15}}}},"branchMap":{"0":{"loc":{"start":{"line":31,"column":4},"end":{"line":33,"column":5}},"type":"if","locations":[{"start":{"line":31,"column":4},"end":{"line":33,"column":5}}]},"1":{"loc":{"start":{"line":34,"column":4},"end":{"line":36,"column":5}},"type":"if","locations":[{"start":{"line":34,"column":4},"end":{"line":36,"column":5}}]},"2":{"loc":{"start":{"line":34,"column":8},"end":{"line":34,"column":65}},"type":"binary-expr","locations":[{"start":{"line":34,"column":8},"end":{"line":34,"column":18}},{"start":{"line":34,"column":23},"end":{"line":34,"column":38}},{"start":{"line":34,"column":42},"end":{"line":34,"column":64}}]},"3":{"loc":{"start":{"line":40,"column":4},"end":{"line":44,"column":5}},"type":"switch","locations":[{"start":{"line":41,"column":6},"end":{"line":41,"column":67}},{"start":{"line":42,"column":6},"end":{"line":42,"column":68}},{"start":{"line":43,"column":6},"end":{"line":43,"column":70}}]},"4":{"loc":{"start":{"line":48,"column":4},"end":{"line":53,"column":5}},"type":"switch","locations":[{"start":{"line":49,"column":6},"end":{"line":49,"column":43}},{"start":{"line":50,"column":6},"end":{"line":50,"column":42}},{"start":{"line":51,"column":6},"end":{"line":51,"column":44}},{"start":{"line":52,"column":6},"end":{"line":52,"column":32}}]},"5":{"loc":{"start":{"line":57,"column":4},"end":{"line":57,"column":28}},"type":"if","locations":[{"start":{"line":57,"column":4},"end":{"line":57,"column":28}}]},"6":{"loc":{"start":{"line":71,"column":4},"end":{"line":71,"column":21}},"type":"if","locations":[{"start":{"line":71,"column":4},"end":{"line":71,"column":21}}]},"7":{"loc":{"start":{"line":101,"column":16},"end":{"line":101,"column":47}},"type":"if","locations":[{"start":{"line":101,"column":16},"end":{"line":101,"column":47}}]},"8":{"loc":{"start":{"line":102,"column":16},"end":{"line":104,"column":17}},"type":"if","locations":[{"start":{"line":102,"column":16},"end":{"line":104,"column":17}}]},"9":{"loc":{"start":{"line":116,"column":16},"end":{"line":118,"column":17}},"type":"if","locations":[{"start":{"line":116,"column":16},"end":{"line":118,"column":17}}]}},"s":{"0":1,"1":1,"2":1,"3":25,"4":25,"5":25,"6":2,"7":2,"8":5,"9":2,"10":5,"11":2,"12":7,"13":5,"14":5,"15":1,"16":1,"17":1,"18":1,"19":12,"20":9,"21":2,"22":1,"23":0,"24":7,"25":1,"26":6,"27":12,"28":6,"29":12,"30":6,"31":6,"32":6,"33":6,"34":4,"35":4,"36":1,"37":3,"38":3,"39":3,"40":3,"41":3,"42":0,"43":0,"44":0,"45":0,"46":0,"47":0,"48":0,"49":0,"50":0,"51":1,"52":1},"f":{"0":2,"1":5,"2":7,"3":12,"4":7,"5":12,"6":12,"7":4,"8":3,"9":3,"10":0,"11":0},"b":{"0":[2],"1":[2],"2":[5,2,1],"3":[5,1,1],"4":[9,2,1,0],"5":[1],"6":[1],"7":[0],"8":[0],"9":[0]}}
}
