TN:
SF:src/app/kpi/kpi-bar-chart/kpi-bar-chart.html
FNF:0
FNH:0
DA:1,1
LF:1
LH:1
BRF:0
BRH:0
end_of_record
TN:
SF:src/app/kpi/kpi-bar-chart/kpi-bar-chart.ts
FN:25,(anonymous_0)
FN:30,(anonymous_1)
FN:39,(anonymous_2)
FN:47,(anonymous_3)
FN:56,(anonymous_4)
FN:59,(anonymous_5)
FN:60,(anonymous_6)
FN:69,(anonymous_7)
FN:73,(anonymous_8)
FN:74,(anonymous_9)
FN:99,(anonymous_10)
FN:115,(anonymous_11)
FNF:12
FNH:10
FNDA:2,(anonymous_0)
FNDA:5,(anonymous_1)
FNDA:7,(anonymous_2)
FNDA:12,(anonymous_3)
FNDA:7,(anonymous_4)
FNDA:12,(anonymous_5)
FNDA:12,(anonymous_6)
FNDA:4,(anonymous_7)
FNDA:3,(anonymous_8)
FNDA:3,(anonymous_9)
FNDA:0,(anonymous_10)
FNDA:0,(anonymous_11)
DA:1,1
DA:2,1
DA:3,1
DA:16,1
DA:19,25
DA:20,25
DA:23,25
DA:26,2
DA:27,2
DA:31,5
DA:32,2
DA:34,5
DA:35,2
DA:40,7
DA:41,5
DA:42,1
DA:43,1
DA:48,12
DA:49,9
DA:50,2
DA:51,1
DA:52,0
DA:57,7
DA:59,12
DA:60,12
DA:62,6
DA:63,6
DA:64,6
DA:66,6
DA:70,4
DA:71,4
DA:73,3
DA:74,3
DA:76,3
DA:100,0
DA:101,0
DA:102,0
DA:103,0
DA:105,0
DA:116,0
DA:117,0
DA:119,0
LF:42
LH:33
BRDA:31,0,0,2
BRDA:34,1,0,2
BRDA:34,2,0,5
BRDA:34,2,1,2
BRDA:34,2,2,1
BRDA:40,3,0,5
BRDA:40,3,1,1
BRDA:40,3,2,1
BRDA:48,4,0,9
BRDA:48,4,1,2
BRDA:48,4,2,1
BRDA:48,4,3,0
BRDA:57,5,0,1
BRDA:71,6,0,1
BRDA:101,7,0,0
BRDA:102,8,0,0
BRDA:116,9,0,0
BRF:17
BRH:13
end_of_record
